<?xml version="1.0" encoding="UTF-8"?>
<testsuite xmlns:xsi="http://www.w3.org/2001/XMLSchema-instance" xsi:noNamespaceSchemaLocation="https://maven.apache.org/surefire/maven-surefire-plugin/xsd/surefire-test-report.xsd" name="mint.com.services.customers.CustomerControllerTest" time="14.233" tests="2" errors="0" skipped="0" failures="1">
  <properties>
[...]
</properties>
  <testcase name="getAllTest" classname="mint.com.services.customers.CustomerControllerTest" time="1.58">
    <failure message="JSON path &quot;$.list&quot;&#10;Expected: not an empty collection&#10;     but: was &lt;[]&gt;" type="java.lang.AssertionError"><![CDATA[java.lang.AssertionError: 
JSON path "$.list"
Expected: not an empty collection
     but: was <[]>
	at mint.com.services.customers.CustomerControllerTest.getAllTest(CustomerControllerTest.java:63)
]]></failure>
    <system-out><![CDATA[01:45:42.790 [main] DEBUG org.springframework.test.context.junit4.SpringJUnit4ClassRunner - SpringJUnit4ClassRunner constructor called with [class mint.com.services.customers.CustomerControllerTest]
01:45:42.799 [main] DEBUG org.springframework.test.context.BootstrapUtils - Instantiating CacheAwareContextLoaderDelegate from class [org.springframework.test.context.cache.DefaultCacheAwareContextLoaderDelegate]
01:45:42.827 [main] DEBUG org.springframework.test.context.BootstrapUtils - Instantiating BootstrapContext using constructor [public org.springframework.test.context.support.DefaultBootstrapContext(java.lang.Class,org.springframework.test.context.CacheAwareContextLoaderDelegate)]
01:45:42.856 [main] DEBUG org.springframework.test.context.BootstrapUtils - Instantiating TestContextBootstrapper for test class [mint.com.services.customers.CustomerControllerTest] from class [org.springframework.boot.test.context.SpringBootTestContextBootstrapper]
01:45:42.868 [main] INFO org.springframework.boot.test.context.SpringBootTestContextBootstrapper - Neither @ContextConfiguration nor @ContextHierarchy found for test class [mint.com.services.customers.CustomerControllerTest], using SpringBootContextLoader
01:45:42.872 [main] DEBUG org.springframework.test.context.support.AbstractContextLoader - Did not detect default resource location for test class [mint.com.services.customers.CustomerControllerTest]: class path resource [mint/com/services/customers/CustomerControllerTest-context.xml] does not exist
01:45:42.873 [main] DEBUG org.springframework.test.context.support.AbstractContextLoader - Did not detect default resource location for test class [mint.com.services.customers.CustomerControllerTest]: class path resource [mint/com/services/customers/CustomerControllerTestContext.groovy] does not exist
01:45:42.873 [main] INFO org.springframework.test.context.support.AbstractContextLoader - Could not detect default resource locations for test class [mint.com.services.customers.CustomerControllerTest]: no resource found for suffixes {-context.xml, Context.groovy}.
01:45:42.874 [main] INFO org.springframework.test.context.support.AnnotationConfigContextLoaderUtils - Could not detect default configuration classes for test class [mint.com.services.customers.CustomerControllerTest]: CustomerControllerTest does not declare any static, non-private, non-final, nested classes annotated with @Configuration.
01:45:42.938 [main] DEBUG org.springframework.test.context.support.ActiveProfilesUtils - Could not find an 'annotation declaring class' for annotation type [org.springframework.test.context.ActiveProfiles] and class [mint.com.services.customers.CustomerControllerTest]
01:45:43.110 [main] DEBUG org.springframework.context.annotation.ClassPathScanningCandidateComponentProvider - Identified candidate component class: file [C:\Danilo\Mint\MintApplication\MintApplication\target\classes\mint\com\services\customers\MintApplication.class]
01:45:43.115 [main] INFO org.springframework.boot.test.context.SpringBootTestContextBootstrapper - Found @SpringBootConfiguration mint.com.services.customers.MintApplication for test class mint.com.services.customers.CustomerControllerTest
01:45:43.285 [main] DEBUG org.springframework.boot.test.context.SpringBootTestContextBootstrapper - @TestExecutionListeners is not present for class [mint.com.services.customers.CustomerControllerTest]: using defaults.
01:45:43.286 [main] INFO org.springframework.boot.test.context.SpringBootTestContextBootstrapper - Loaded default TestExecutionListener class names from location [META-INF/spring.factories]: [org.springframework.boot.test.mock.mockito.MockitoTestExecutionListener, org.springframework.boot.test.mock.mockito.ResetMocksTestExecutionListener, org.springframework.boot.test.autoconfigure.restdocs.RestDocsTestExecutionListener, org.springframework.boot.test.autoconfigure.web.client.MockRestServiceServerResetTestExecutionListener, org.springframework.boot.test.autoconfigure.web.servlet.MockMvcPrintOnlyOnFailureTestExecutionListener, org.springframework.boot.test.autoconfigure.web.servlet.WebDriverTestExecutionListener, org.springframework.test.context.web.ServletTestExecutionListener, org.springframework.test.context.support.DirtiesContextBeforeModesTestExecutionListener, org.springframework.test.context.support.DependencyInjectionTestExecutionListener, org.springframework.test.context.support.DirtiesContextTestExecutionListener, org.springframework.test.context.transaction.TransactionalTestExecutionListener, org.springframework.test.context.jdbc.SqlScriptsTestExecutionListener]
01:45:43.344 [main] INFO org.springframework.boot.test.context.SpringBootTestContextBootstrapper - Using TestExecutionListeners: [org.springframework.test.context.web.ServletTestExecutionListener@65e98b1c, org.springframework.test.context.support.DirtiesContextBeforeModesTestExecutionListener@61322f9d, org.springframework.boot.test.mock.mockito.MockitoTestExecutionListener@6ad82709, org.springframework.boot.test.autoconfigure.SpringBootDependencyInjectionTestExecutionListener@510f3d34, org.springframework.test.context.support.DirtiesContextTestExecutionListener@7817fd62, org.springframework.test.context.transaction.TransactionalTestExecutionListener@8297b3a, org.springframework.test.context.jdbc.SqlScriptsTestExecutionListener@2362f559, org.springframework.boot.test.mock.mockito.ResetMocksTestExecutionListener@b2c9a9c, org.springframework.boot.test.autoconfigure.restdocs.RestDocsTestExecutionListener@4c178a76, org.springframework.boot.test.autoconfigure.web.client.MockRestServiceServerResetTestExecutionListener@fa4c865, org.springframework.boot.test.autoconfigure.web.servlet.MockMvcPrintOnlyOnFailureTestExecutionListener@3bd82cf5, org.springframework.boot.test.autoconfigure.web.servlet.WebDriverTestExecutionListener@544fa968]
01:45:43.347 [main] DEBUG org.springframework.test.annotation.ProfileValueUtils - Retrieved @ProfileValueSourceConfiguration [null] for test class [mint.com.services.customers.CustomerControllerTest]
01:45:43.348 [main] DEBUG org.springframework.test.annotation.ProfileValueUtils - Retrieved ProfileValueSource type [class org.springframework.test.annotation.SystemProfileValueSource] for class [mint.com.services.customers.CustomerControllerTest]
01:45:43.350 [main] DEBUG org.springframework.test.annotation.ProfileValueUtils - Retrieved @ProfileValueSourceConfiguration [null] for test class [mint.com.services.customers.CustomerControllerTest]
01:45:43.350 [main] DEBUG org.springframework.test.annotation.ProfileValueUtils - Retrieved ProfileValueSource type [class org.springframework.test.annotation.SystemProfileValueSource] for class [mint.com.services.customers.CustomerControllerTest]
01:45:43.351 [main] DEBUG org.springframework.test.annotation.ProfileValueUtils - Retrieved @ProfileValueSourceConfiguration [null] for test class [mint.com.services.customers.CustomerControllerTest]
01:45:43.352 [main] DEBUG org.springframework.test.annotation.ProfileValueUtils - Retrieved ProfileValueSource type [class org.springframework.test.annotation.SystemProfileValueSource] for class [mint.com.services.customers.CustomerControllerTest]
01:45:43.357 [main] DEBUG org.springframework.test.context.support.AbstractDirtiesContextTestExecutionListener - Before test class: context [DefaultTestContext@6913c1fb testClass = CustomerControllerTest, testInstance = [null], testMethod = [null], testException = [null], mergedContextConfiguration = [WebMergedContextConfiguration@66d18979 testClass = CustomerControllerTest, locations = '{}', classes = '{class mint.com.services.customers.MintApplication}', contextInitializerClasses = '[]', activeProfiles = '{}', propertySourceLocations = '{}', propertySourceProperties = '{org.springframework.boot.test.context.SpringBootTestContextBootstrapper=true}', contextCustomizers = set[org.springframework.boot.test.context.filter.ExcludeFilterContextCustomizer@74294adb, org.springframework.boot.test.json.DuplicateJsonObjectContextCustomizerFactory$DuplicateJsonObjectContextCustomizer@2f490758, org.springframework.boot.test.mock.mockito.MockitoContextCustomizer@0, org.springframework.boot.test.web.client.TestRestTemplateContextCustomizer@70beb599, org.springframework.boot.test.autoconfigure.properties.PropertyMappingContextCustomizer@0, org.springframework.boot.test.autoconfigure.web.servlet.WebDriverContextCustomizerFactory$Customizer@25359ed8], resourceBasePath = 'src/main/webapp', contextLoader = 'org.springframework.boot.test.context.SpringBootContextLoader', parent = [null]], attributes = map['org.springframework.test.context.web.ServletTestExecutionListener.activateListener' -> true]], class annotated with @DirtiesContext [false] with mode [null].
01:45:43.358 [main] DEBUG org.springframework.test.annotation.ProfileValueUtils - Retrieved @ProfileValueSourceConfiguration [null] for test class [mint.com.services.customers.CustomerControllerTest]
01:45:43.358 [main] DEBUG org.springframework.test.annotation.ProfileValueUtils - Retrieved ProfileValueSource type [class org.springframework.test.annotation.SystemProfileValueSource] for class [mint.com.services.customers.CustomerControllerTest]
01:45:43.388 [main] DEBUG org.springframework.test.context.support.TestPropertySourceUtils - Adding inlined properties to environment: {spring.jmx.enabled=false, org.springframework.boot.test.context.SpringBootTestContextBootstrapper=true, server.port=-1}

  .   ____          _            __ _ _
 /\\ / ___'_ __ _ _(_)_ __  __ _ \ \ \ \
( ( )\___ | '_ | '_| | '_ \/ _` | \ \ \ \
 \\/  ___)| |_)| | | | | || (_| |  ) ) ) )
  '  |____| .__|_| |_|_| |_\__, | / / / /
 =========|_|==============|___/=/_/_/_/
 :: Spring Boot ::        (v2.1.0.RELEASE)

2018-11-13 01:45:44.020  INFO 16904 --- [           main] m.c.s.customers.CustomerControllerTest   : Starting CustomerControllerTest on Danilo108 with PID 16904 (started by Shreya in C:\Danilo\Mint\MintApplication\MintApplication)
2018-11-13 01:45:44.022  INFO 16904 --- [           main] m.c.s.customers.CustomerControllerTest   : No active profile set, falling back to default profiles: default
2018-11-13 01:45:45.790  INFO 16904 --- [           main] .s.d.r.c.RepositoryConfigurationDelegate : Bootstrapping Spring Data repositories in DEFAULT mode.
2018-11-13 01:45:46.119  INFO 16904 --- [           main] .s.d.r.c.RepositoryConfigurationDelegate : Finished Spring Data repository scanning in 322ms. Found 1 repository interfaces.
2018-11-13 01:45:46.925  INFO 16904 --- [           main] trationDelegate$BeanPostProcessorChecker : Bean 'org.springframework.hateoas.config.HateoasConfiguration' of type [org.springframework.hateoas.config.HateoasConfiguration$$EnhancerBySpringCGLIB$$15adbd63] is not eligible for getting processed by all BeanPostProcessors (for example: not eligible for auto-proxying)
2018-11-13 01:45:47.886  INFO 16904 --- [           main] org.mongodb.driver.cluster               : Cluster created with settings {hosts=[cluster0-shard-00-00-3dpjk.mongodb.net:27017, cluster0-shard-00-01-3dpjk.mongodb.net:27017, cluster0-shard-00-02-3dpjk.mongodb.net:27017], mode=MULTIPLE, requiredClusterType=REPLICA_SET, serverSelectionTimeout='30000 ms', maxWaitQueueSize=500, requiredReplicaSetName='Cluster0-shard-0'}
2018-11-13 01:45:47.886  INFO 16904 --- [           main] org.mongodb.driver.cluster               : Adding discovered server cluster0-shard-00-00-3dpjk.mongodb.net:27017 to client view of cluster
2018-11-13 01:45:47.918  INFO 16904 --- [           main] org.mongodb.driver.cluster               : Adding discovered server cluster0-shard-00-01-3dpjk.mongodb.net:27017 to client view of cluster
2018-11-13 01:45:47.920  INFO 16904 --- [           main] org.mongodb.driver.cluster               : Adding discovered server cluster0-shard-00-02-3dpjk.mongodb.net:27017 to client view of cluster
2018-11-13 01:45:50.112  INFO 16904 --- [           main] o.s.s.concurrent.ThreadPoolTaskExecutor  : Initializing ExecutorService 'applicationTaskExecutor'
2018-11-13 01:45:50.454  INFO 16904 --- [ngodb.net:27017] org.mongodb.driver.connection            : Opened connection [connectionId{localValue:3, serverValue:18044}] to cluster0-shard-00-02-3dpjk.mongodb.net:27017
2018-11-13 01:45:50.533  INFO 16904 --- [ngodb.net:27017] org.mongodb.driver.connection            : Opened connection [connectionId{localValue:1, serverValue:16888}] to cluster0-shard-00-00-3dpjk.mongodb.net:27017
2018-11-13 01:45:50.700  INFO 16904 --- [ngodb.net:27017] org.mongodb.driver.connection            : Opened connection [connectionId{localValue:2, serverValue:19250}] to cluster0-shard-00-01-3dpjk.mongodb.net:27017
2018-11-13 01:45:50.711  INFO 16904 --- [ngodb.net:27017] org.mongodb.driver.cluster               : Monitor thread successfully connected to server with description ServerDescription{address=cluster0-shard-00-02-3dpjk.mongodb.net:27017, type=REPLICA_SET_SECONDARY, state=CONNECTED, ok=true, version=ServerVersion{versionList=[4, 0, 4]}, minWireVersion=0, maxWireVersion=7, maxDocumentSize=16777216, logicalSessionTimeoutMinutes=30, roundTripTimeNanos=250241489, setName='Cluster0-shard-0', canonicalAddress=cluster0-shard-00-02-3dpjk.mongodb.net:27017, hosts=[cluster0-shard-00-02-3dpjk.mongodb.net:27017, cluster0-shard-00-00-3dpjk.mongodb.net:27017, cluster0-shard-00-01-3dpjk.mongodb.net:27017], passives=[], arbiters=[], primary='cluster0-shard-00-00-3dpjk.mongodb.net:27017', tagSet=TagSet{[]}, electionId=null, setVersion=1, lastWriteDate=Tue Nov 13 01:45:51 AEDT 2018, lastUpdateTimeNanos=51775952857372}
2018-11-13 01:45:50.777  INFO 16904 --- [ngodb.net:27017] org.mongodb.driver.cluster               : Monitor thread successfully connected to server with description ServerDescription{address=cluster0-shard-00-00-3dpjk.mongodb.net:27017, type=REPLICA_SET_PRIMARY, state=CONNECTED, ok=true, version=ServerVersion{versionList=[4, 0, 4]}, minWireVersion=0, maxWireVersion=7, maxDocumentSize=16777216, logicalSessionTimeoutMinutes=30, roundTripTimeNanos=244171110, setName='Cluster0-shard-0', canonicalAddress=cluster0-shard-00-00-3dpjk.mongodb.net:27017, hosts=[cluster0-shard-00-02-3dpjk.mongodb.net:27017, cluster0-shard-00-00-3dpjk.mongodb.net:27017, cluster0-shard-00-01-3dpjk.mongodb.net:27017], passives=[], arbiters=[], primary='cluster0-shard-00-00-3dpjk.mongodb.net:27017', tagSet=TagSet{[]}, electionId=7fffffff0000000000000001, setVersion=1, lastWriteDate=Tue Nov 13 01:45:51 AEDT 2018, lastUpdateTimeNanos=51776024302452}
2018-11-13 01:45:50.778  INFO 16904 --- [ngodb.net:27017] org.mongodb.driver.cluster               : Setting max election id to 7fffffff0000000000000001 from replica set primary cluster0-shard-00-00-3dpjk.mongodb.net:27017
2018-11-13 01:45:50.779  INFO 16904 --- [ngodb.net:27017] org.mongodb.driver.cluster               : Setting max set version to 1 from replica set primary cluster0-shard-00-00-3dpjk.mongodb.net:27017
2018-11-13 01:45:50.779  INFO 16904 --- [ngodb.net:27017] org.mongodb.driver.cluster               : Discovered replica set primary cluster0-shard-00-00-3dpjk.mongodb.net:27017
2018-11-13 01:45:50.951  INFO 16904 --- [ngodb.net:27017] org.mongodb.driver.cluster               : Monitor thread successfully connected to server with description ServerDescription{address=cluster0-shard-00-01-3dpjk.mongodb.net:27017, type=REPLICA_SET_SECONDARY, state=CONNECTED, ok=true, version=ServerVersion{versionList=[4, 0, 4]}, minWireVersion=0, maxWireVersion=7, maxDocumentSize=16777216, logicalSessionTimeoutMinutes=30, roundTripTimeNanos=250494370, setName='Cluster0-shard-0', canonicalAddress=cluster0-shard-00-01-3dpjk.mongodb.net:27017, hosts=[cluster0-shard-00-02-3dpjk.mongodb.net:27017, cluster0-shard-00-00-3dpjk.mongodb.net:27017, cluster0-shard-00-01-3dpjk.mongodb.net:27017], passives=[], arbiters=[], primary='cluster0-shard-00-00-3dpjk.mongodb.net:27017', tagSet=TagSet{[]}, electionId=null, setVersion=1, lastWriteDate=Tue Nov 13 01:45:51 AEDT 2018, lastUpdateTimeNanos=51776197908640}
2018-11-13 01:45:50.999  INFO 16904 --- [           main] m.c.s.customers.CustomerControllerTest   : Started CustomerControllerTest in 7.598 seconds (JVM running for 9.654)
2018-11-13 01:45:51.002  INFO 16904 --- [           main] m.c.s.c.CommandLineAppStartupRunner      : Database initialisation
2018-11-13 01:45:53.325  INFO 16904 --- [           main] org.mongodb.driver.connection            : Opened connection [connectionId{localValue:4, serverValue:16888}] to cluster0-shard-00-00-3dpjk.mongodb.net:27017
2018-11-13 01:45:53.826  INFO 16904 --- [           main] m.c.s.c.CommandLineAppStartupRunner      : 	Delete all - executed. 0 customers in the database
2018-11-13 01:45:54.815  INFO 16904 --- [           main] m.c.s.c.CommandLineAppStartupRunner      : 	Customers added: 3
2018-11-13 01:45:54.815  INFO 16904 --- [           main] m.c.s.c.CommandLineAppStartupRunner      : End of database initialisation
2018-11-13 01:45:55.195  INFO 16904 --- [           main] o.s.b.t.m.w.SpringBootMockServletContext : Initializing Spring TestDispatcherServlet ''
2018-11-13 01:45:55.196  INFO 16904 --- [           main] o.s.t.web.servlet.TestDispatcherServlet  : Initializing Servlet ''
2018-11-13 01:45:55.220  INFO 16904 --- [           main] o.s.t.web.servlet.TestDispatcherServlet  : Completed initialization in 24 ms
2018-11-13 01:45:55.504  INFO 16904 --- [           main] m.c.s.c.controller.CustomersController   : received a getAll request
2018-11-13 01:45:56.378  INFO 16904 --- [           main] m.c.s.c.controller.CustomersController   : received a getAll request
]]></system-out>
  </testcase>
  <testcase name="makeDocumentationForGetAll" classname="mint.com.services.customers.CustomerControllerTest" time="0.156"/>
</testsuite>